


ARM Macro Assembler    Page 1 


    1 00000000         ;******************** (C) COPYRIGHT 2007 STMicroelectron
                       ics ********************
    2 00000000         ;* File Name          : stm32f10x_vector.s
    3 00000000         ;* Author             : MCD Application Team
    4 00000000         ;* Date First Issued  : 05/21/2007
    5 00000000         ;* Description        : This module performs:
    6 00000000         ;*                      - Set the initial SP
    7 00000000         ;*                      - Set the initial PC == Reset_Ha
                       ndler,
    8 00000000         ;*                      - Set the vector table entries w
                       ith the exceptions ISR address,
    9 00000000         ;*                      - Branches to __main in the C li
                       brary (which eventually
   10 00000000         ;*                        calls main()).
   11 00000000         ;*                      After Reset the CortexM3 process
                       or is in Thread mode,
   12 00000000         ;*                      priority is Privileged, and the 
                       Stack is set to Main.
   13 00000000         ;* <<< Use Configuration Wizard in Context Menu >>>   
   14 00000000         ;*******************************************************
                       ************************
   15 00000000         ; History:
   16 00000000         ; 05/21/2007: V0.3                     
   17 00000000         ;*******************************************************
                       ************************
   18 00000000         ; THE PRESENT SOFTWARE WHICH IS FOR GUIDANCE ONLY AIMS A
                       T PROVIDING CUSTOMERS
   19 00000000         ; WITH CODING INFORMATION REGARDING THEIR PRODUCTS IN OR
                       DER FOR THEM TO SAVE TIME.
   20 00000000         ; AS A RESULT, STMICROELECTRONICS SHALL NOT BE HELD LIAB
                       LE FOR ANY DIRECT,
   21 00000000         ; INDIRECT OR CONSEQUENTIAL DAMAGES WITH RESPECT TO ANY 
                       CLAIMS ARISING FROM THE
   22 00000000         ; CONTENT OF SUCH SOFTWARE AND/OR THE USE MADE BY CUSTOM
                       ERS OF THE CODING
   23 00000000         ; INFORMATION CONTAINED HEREIN IN CONNECTION WITH THEIR 
                       PRODUCTS.
   24 00000000         ;*******************************************************
                       ************************
   25 00000000         
   26 00000000         ; Amount of memory (in bytes) allocated for Stack and He
                       ap
   27 00000000         ; Tailor those values to your application needs
   28 00000000         ;// <h> Stack Configuration
   29 00000000         ;//   <o> Stack Size (in Bytes) <0x0-0xFFFFFFFF:8>
   30 00000000         ;// </h>
   31 00000000         
   32 00000000 00000200 
                       Stack_Size
                               EQU              0x00000200
   33 00000000         
   34 00000000                 AREA             STACK, NOINIT, READWRITE, ALIGN
=3
   35 00000000         Stack_Mem
                               SPACE            Stack_Size
   36 00000200         __initial_sp
   37 00000200         
   38 00000200         
   39 00000200         ;// <h> Heap Configuration



ARM Macro Assembler    Page 2 


   40 00000200         ;//   <o>  Heap Size (in Bytes) <0x0-0xFFFFFFFF:8>
   41 00000200         ;// </h>
   42 00000200         
   43 00000200 00000200 
                       Heap_Size
                               EQU              0x00000200
   44 00000200         
   45 00000200                 AREA             HEAP, NOINIT, READWRITE, ALIGN=
3
   46 00000000         __heap_base
   47 00000000         Heap_Mem
                               SPACE            Heap_Size
   48 00000200         __heap_limit
   49 00000200         
   50 00000200         
   51 00000200                 THUMB
   52 00000200                 PRESERVE8
   53 00000200         
   54 00000200         ;*******************************************************
                       ***********************
   55 00000200         ;                                  IMPORTS
   56 00000200         ;*******************************************************
                       ***********************
   57 00000200         
   58 00000200                 IMPORT           Tmr_TickISR_Handler
   59 00000200                 IMPORT           OSPendSV
   60 00000200                 IMPORT           NMIException
   61 00000200                 IMPORT           HardFaultException
   62 00000200                 IMPORT           MemManageException
   63 00000200                 IMPORT           BusFaultException
   64 00000200                 IMPORT           UsageFaultException
   65 00000200                 IMPORT           SVCHandler
   66 00000200                 IMPORT           DebugMonitor
   67 00000200                 IMPORT           SysTickHandler
   68 00000200                 IMPORT           WWDG_IRQHandler
   69 00000200                 IMPORT           PVD_IRQHandler
   70 00000200                 IMPORT           TAMPER_IRQHandler
   71 00000200                 IMPORT           FLASH_IRQHandler
   72 00000200                 IMPORT           RCC_IRQHandler
   73 00000200                 IMPORT           EXTI0_IRQHandler
   74 00000200                 IMPORT           EXTI1_IRQHandler
   75 00000200                 IMPORT           EXTI2_IRQHandler
   76 00000200                 IMPORT           EXTI3_IRQHandler
   77 00000200                 IMPORT           EXTI4_IRQHandler
   78 00000200                 IMPORT           DMAChannel1_IRQHandler
   79 00000200                 IMPORT           DMAChannel2_IRQHandler
   80 00000200                 IMPORT           DMAChannel3_IRQHandler
   81 00000200                 IMPORT           DMAChannel4_IRQHandler
   82 00000200                 IMPORT           DMAChannel5_IRQHandler
   83 00000200                 IMPORT           DMAChannel6_IRQHandler
   84 00000200                 IMPORT           DMAChannel7_IRQHandler
   85 00000200                 IMPORT           ADC_IRQHandler
   86 00000200                 IMPORT           USB_HP_CAN_TX_IRQHandler
   87 00000200                 IMPORT           USB_LP_CAN_RX0_IRQHandler
   88 00000200                 IMPORT           CAN_RX1_IRQHandler
   89 00000200                 IMPORT           CAN_SCE_IRQHandler
   90 00000200                 IMPORT           EXTI9_5_IRQHandler
   91 00000200                 IMPORT           TIM1_BRK_IRQHandler
   92 00000200                 IMPORT           TIM1_UP_IRQHandler



ARM Macro Assembler    Page 3 


   93 00000200                 IMPORT           TIM1_TRG_COM_IRQHandler
   94 00000200                 IMPORT           TIM1_CC_IRQHandler
   95 00000200                 IMPORT           TIM2_IRQHandler
   96 00000200                 IMPORT           TIM3_IRQHandler
   97 00000200                 IMPORT           TIM4_IRQHandler
   98 00000200                 IMPORT           I2C1_EV_IRQHandler
   99 00000200                 IMPORT           I2C1_ER_IRQHandler
  100 00000200                 IMPORT           I2C2_EV_IRQHandler
  101 00000200                 IMPORT           I2C2_ER_IRQHandler
  102 00000200                 IMPORT           SPI1_IRQHandler
  103 00000200                 IMPORT           SPI2_IRQHandler
  104 00000200                 IMPORT           USART1_IRQHandler
  105 00000200                 IMPORT           USART2_IRQHandler
  106 00000200                 IMPORT           USART3_IRQHandler
  107 00000200                 IMPORT           EXTI15_10_IRQHandler
  108 00000200                 IMPORT           RTCAlarm_IRQHandler
  109 00000200                 IMPORT           USBWakeUp_IRQHandler
  110 00000200         
  111 00000200         ;*******************************************************
                       ***********************
  112 00000200         ;                                  EXPORTS
  113 00000200         ;*******************************************************
                       ***********************
  114 00000200         
  115 00000200         
  116 00000200         ;*******************************************************
                       ***********************
  117 00000200         ;                                DEFINITIONS
  118 00000200         ;*******************************************************
                       ***********************
  119 00000200         
  120 00000200         
  121 00000200         ;*******************************************************
                       ************************
  122 00000200         ; Fill-up the Vector Table entries with the exceptions I
                       SR address
  123 00000200         ;*******************************************************
                       ************************
  124 00000200                 AREA             RESET, DATA, READONLY
  125 00000000                 EXPORT           __Vectors
  126 00000000         
  127 00000000 00000000 
                       __Vectors
                               DCD              __initial_sp ; Top of Stack
  128 00000004 00000000        DCD              Reset_Handler
  129 00000008 00000000        DCD              NMIException ;  2, NMI         
                                                                               
                                                                               
                                                                  
  130 0000000C 00000000        DCD              HardFaultException ;  3, Hard F
                                                            ault               
                                                                               
                                                                        
  131 00000010 00000000        DCD              MemManageException ;  4, Memory
                                                             Management        
                                                                               
                                                                       
  132 00000014 00000000        DCD              BusFaultException ;  5, Bus Fau
                                                            lt                 



ARM Macro Assembler    Page 4 


                                                                               
                                                                       
  133 00000018 00000000        DCD              UsageFaultException ;  6, Usage
                                                             Fault             
                                                                               
                                                                         
  134 0000001C 00000000        DCD              0           ;  7, Reserved     
                                                                               
                                                                               
                                                                 
  135 00000020 00000000        DCD              0           ;  8, Reserved     
                                                                               
                                                                               
                                                                 
  136 00000024 00000000        DCD              0           ;  9, Reserved     
                                                                               
                                                                               
                                                                 
  137 00000028 00000000        DCD              0           ; 10, Reserved     
                                                                               
                                                                               
                                                                 
  138 0000002C 00000000        DCD              SVCHandler  ; 11, SVCall       
                                                                               
                                                                               
                                                                 
  139 00000030 00000000        DCD              DebugMonitor ; 12, Debug Monito
                                                            r                  
                                                                               
                                                                  
  140 00000034 00000000        DCD              0           ; 13, Reserved     
                                                                               
                                                                               
                                                                 
  141 00000038 00000000        DCD              OSPendSV    ; 14, PendSV Handle
                                                            r                  
                                                                               
                                                                 
  142 0000003C 00000000        DCD              Tmr_TickISR_Handler ; 15, uC/OS
                                                            -II Tick ISR Handle
                                                            r                  
                                                                         
  143 00000040 00000000        DCD              WWDG_IRQHandler ; 16, INTISR[  
                                                            0], Window Watchdog
                                                                               
                                                                     
  144 00000044 00000000        DCD              PVD_IRQHandler ; 17, INTISR[  1
                                                            ]  PVD through EXTI
                                                             Line Detection    
                                                                    
  145 00000048 00000000        DCD              TAMPER_IRQHandler ; 18, INTISR[
                                                              2]  Tamper Interr
                                                            upt                
                                                                       
  146 0000004C 00000000        DCD              0           ; 19, INTISR[  3]  
                                                            RTC Global Interrup
                                                            t                  
                                                                 
  147 00000050 00000000        DCD              FLASH_IRQHandler ; 20, INTISR[ 



ARM Macro Assembler    Page 5 


                                                             4]  FLASH Global I
                                                            nterrupt           
                                                                      
  148 00000054 00000000        DCD              RCC_IRQHandler ; 21, INTISR[  5
                                                            ]  RCC Global Inter
                                                            rupt               
                                                                    
  149 00000058 00000000        DCD              EXTI0_IRQHandler ; 22, INTISR[ 
                                                             6]  EXTI Line0 Int
                                                            errupt             
                                                                      
  150 0000005C 00000000        DCD              EXTI1_IRQHandler ; 23, INTISR[ 
                                                             7]  EXTI Line1 Int
                                                            errupt             
                                                                      
  151 00000060 00000000        DCD              EXTI2_IRQHandler ; 24, INTISR[ 
                                                             8]  EXTI Line2 Int
                                                            errupt             
                                                                      
  152 00000064 00000000        DCD              EXTI3_IRQHandler ; 25, INTISR[ 
                                                             9]  EXTI Line3 Int
                                                            errupt             
                                                                      
  153 00000068 00000000        DCD              EXTI4_IRQHandler ; 26, INTISR[ 
                                                            10]  EXTI Line4 Int
                                                            errupt             
                                                                      
  154 0000006C 00000000        DCD              DMAChannel1_IRQHandler ; 27, IN
                                                            TISR[ 11]  DMA Chan
                                                            nel1 Global Interru
                                                            pt              
  155 00000070 00000000        DCD              DMAChannel2_IRQHandler ; 28, IN
                                                            TISR[ 12]  DMA Chan
                                                            nel2 Global Interru
                                                            pt              
  156 00000074 00000000        DCD              DMAChannel3_IRQHandler ; 29, IN
                                                            TISR[ 13]  DMA Chan
                                                            nel3 Global Interru
                                                            pt              
  157 00000078 00000000        DCD              DMAChannel4_IRQHandler ; 30, IN
                                                            TISR[ 14]  DMA Chan
                                                            nel4 Global Interru
                                                            pt              
  158 0000007C 00000000        DCD              DMAChannel5_IRQHandler ; 31, IN
                                                            TISR[ 15]  DMA Chan
                                                            nel5 Global Interru
                                                            pt              
  159 00000080 00000000        DCD              DMAChannel6_IRQHandler ; 32, IN
                                                            TISR[ 16]  DMA Chan
                                                            nel6 Global Interru
                                                            pt              
  160 00000084 00000000        DCD              DMAChannel7_IRQHandler ; 33, IN
                                                            TISR[ 17]  DMA Chan
                                                            nel7 Global Interru
                                                            pt              
  161 00000088 00000000        DCD              ADC_IRQHandler ; 34, INTISR[ 18
                                                            ]  ADC Global Inter
                                                            rupt               
                                                                    



ARM Macro Assembler    Page 6 


  162 0000008C 00000000        DCD              USB_HP_CAN_TX_IRQHandler ; 35, 
                                                            INTISR[ 19]  USB Hi
                                                            gh Priority / CAN T
                                                            X  Interrupts     
  163 00000090 00000000        DCD              USB_LP_CAN_RX0_IRQHandler ; 36,
                                                             INTISR[ 20]  USB L
                                                            ow  Priority / CAN 
                                                            RX0 Interrupts     
                                                            
  164 00000094 00000000        DCD              CAN_RX1_IRQHandler ; 37, INTISR
                                                            [ 21]  CAN RX1 Inte
                                                            rrupt              
                                                                        
  165 00000098 00000000        DCD              CAN_SCE_IRQHandler ; 38, INTISR
                                                            [ 22]  CAN SCE Inte
                                                            rrupt              
                                                                        
  166 0000009C 00000000        DCD              EXTI9_5_IRQHandler ; 39, INTISR
                                                            [ 23]  EXTI Line[9:
                                                            5] Interrupt       
                                                                        
  167 000000A0 00000000        DCD              TIM1_BRK_IRQHandler ; 40, INTIS
                                                            R[ 24]  TIM1 Break 
                                                             Interrupt         
                                                                         
  168 000000A4 00000000        DCD              TIM1_UP_IRQHandler ; 41, INTISR
                                                            [ 25]  TIM1 Update 
                                                            Interrupt          
                                                                        
  169 000000A8 00000000        DCD              TIM1_TRG_COM_IRQHandler ; 42, I
                                                            NTISR[ 26]  TIM1 Tr
                                                            igger & Commutation
                                                             Interrupts
  170 000000AC 00000000        DCD              0           ; 43, INTISR[ 27]  
                                                            TIM1 CC Interrupts
  171 000000B0 00000000        DCD              TIM2_IRQHandler ; 44, INTISR[ 2
                                                            8]  TIM2 Global Int
                                                            errupt             
                                                                     
  172 000000B4 00000000        DCD              TIM3_IRQHandler ; 45, INTISR[ 2
                                                            9]  TIM3 Global Int
                                                            errupt             
                                                                     
  173 000000B8 00000000        DCD              TIM4_IRQHandler ; 46, INTISR[ 3
                                                            0]  TIM4 Global Int
                                                            errupt             
                                                                     
  174 000000BC 00000000        DCD              I2C1_EV_IRQHandler ; 47, INTISR
                                                            [ 31]  I2C1 Event  
                                                            Interrupt          
                                                                        
  175 000000C0 00000000        DCD              I2C1_ER_IRQHandler ; 48, INTISR
                                                            [ 32]  I2C1 Error  
                                                            Interrupt          
                                                                        
  176 000000C4 00000000        DCD              I2C2_EV_IRQHandler ; 49, INTISR
                                                            [ 33]  I2C2 Event  
                                                            Interrupt          
                                                                        



ARM Macro Assembler    Page 7 


  177 000000C8 00000000        DCD              I2C2_ER_IRQHandler ; 50, INTISR
                                                            [ 34]  I2C2 Error  
                                                            Interrupt          
                                                                        
  178 000000CC 00000000        DCD              SPI1_IRQHandler ; 51, INTISR[ 3
                                                            5]  SPI1 Global Int
                                                            errupt             
                                                                     
  179 000000D0 00000000        DCD              SPI2_IRQHandler ; 52, INTISR[ 3
                                                            6]  SPI2 Global Int
                                                            errupt             
                                                                     
  180 000000D4 00000000        DCD              USART1_IRQHandler ; 53, INTISR[
                                                             37]  USART1 Global
                                                             Interrupt         
                                                                       
  181 000000D8 00000000        DCD              USART2_IRQHandler ; 54, INTISR[
                                                             38]  USART2 Global
                                                             Interrupt         
                                                                       
  182 000000DC 00000000        DCD              USART3_IRQHandler ; 55, INTISR[
                                                             39]  USART3 Global
                                                             Interrupt         
                                                                       
  183 000000E0 00000000        DCD              EXTI15_10_IRQHandler ; 56, INTI
                                                            SR[ 40]  EXTI Line 
                                                            [15:10] Interrupts 
                                                                          
  184 000000E4 00000000        DCD              RTCAlarm_IRQHandler ; 57, INTIS
                                                            R[ 41]  RTC Alarm t
                                                            hrough EXT Line Int
                                                            errupt       
  185 000000E8 00000000        DCD              USBWakeUp_IRQHandler ; 58, INTI
                                                            SR[ 42]  USB Wakeup
                                                             from Suspend throu
                                                            gh EXTI Int.  
  186 000000EC         
  187 000000EC         
  188 000000EC         
  189 000000EC         
  190 000000EC                 AREA             |.text|, CODE, READONLY
  191 00000000         ;*******************************************************
                       ***********************
  192 00000000         ;                          DEFAULT HANDLERS
  193 00000000         ;*******************************************************
                       ***********************
  194 00000000         
  195 00000000 E7FE    App_NMI_ISR
                               B                App_NMI_ISR
  196 00000002         
  197 00000002 E7FE    App_Fault_ISR
                               B                App_Fault_ISR
  198 00000004         
  199 00000004 E7FE    App_Spurious_ISR
                               B                App_Spurious_ISR
  200 00000006         
  201 00000006         ; Reset handler routine
  202 00000006         Reset_Handler
                               PROC



ARM Macro Assembler    Page 8 


  203 00000006                 EXPORT           Reset_Handler
  204 00000006                 IMPORT           __main
  205 00000006 4804            LDR              R0, =__main
  206 00000008 4700            BX               R0
  207 0000000A                 ENDP
  208 0000000A         
  209 0000000A 00 00           ALIGN
  210 0000000C         
  211 0000000C         ;*******************************************************
                       ************************
  212 0000000C         ; User Stack and Heap initialization
  213 0000000C         ;*******************************************************
                       ************************
  214 0000000C                 IF               :DEF:__MICROLIB
  221 0000000C         
  222 0000000C                 IMPORT           __use_two_region_memory
  223 0000000C                 EXPORT           __user_initial_stackheap
  224 0000000C         __user_initial_stackheap
  225 0000000C         
  226 0000000C 4803            LDR              R0, =  Heap_Mem
  227 0000000E 4904            LDR              R1, =(Stack_Mem + Stack_Size)
  228 00000010 4A04            LDR              R2, = (Heap_Mem +  Heap_Size)
  229 00000012 4B05            LDR              R3, = Stack_Mem
  230 00000014 4770            BX               LR
  231 00000016         
  232 00000016 00 00           ALIGN
  233 00000018         
  234 00000018                 ENDIF
  235 00000018         
  236 00000018                 END
              00000000 
              00000000 
              00000200 
              00000200 
              00000000 
Command Line: --debug --xref --diag_suppress=9931 --cpu=Cortex-M3 --apcs=interw
ork --depend=.\obj\vectors.d -o.\obj\vectors.o -I.\RTE\_Card -IC:\Keil_v5\ARM\P
ACK\ARM\CMSIS\5.4.0\CMSIS\Core\Include -IC:\Keil_v5\ARM\PACK\Keil\STM32F1xx_DFP
\2.3.0\Device\Include --predefine="__UVISION_VERSION SETA 526" --predefine="_RT
E_ SETA 1" --predefine="STM32F10X_HD SETA 1" --list=.\lst\vectors.lst ..\BSP\ve
ctors.s



ARM Macro Assembler    Page 1 Alphabetic symbol ordering
Relocatable symbols

STACK 00000000

Symbol: STACK
   Definitions
      At line 34 in file ..\BSP\vectors.s
   Uses
      None
Comment: STACK unused
Stack_Mem 00000000

Symbol: Stack_Mem
   Definitions
      At line 35 in file ..\BSP\vectors.s
   Uses
      At line 227 in file ..\BSP\vectors.s
      At line 229 in file ..\BSP\vectors.s

__initial_sp 00000200

Symbol: __initial_sp
   Definitions
      At line 36 in file ..\BSP\vectors.s
   Uses
      At line 127 in file ..\BSP\vectors.s
Comment: __initial_sp used once
3 symbols



ARM Macro Assembler    Page 1 Alphabetic symbol ordering
Relocatable symbols

HEAP 00000000

Symbol: HEAP
   Definitions
      At line 45 in file ..\BSP\vectors.s
   Uses
      None
Comment: HEAP unused
Heap_Mem 00000000

Symbol: Heap_Mem
   Definitions
      At line 47 in file ..\BSP\vectors.s
   Uses
      At line 226 in file ..\BSP\vectors.s
      At line 228 in file ..\BSP\vectors.s

__heap_base 00000000

Symbol: __heap_base
   Definitions
      At line 46 in file ..\BSP\vectors.s
   Uses
      None
Comment: __heap_base unused
__heap_limit 00000200

Symbol: __heap_limit
   Definitions
      At line 48 in file ..\BSP\vectors.s
   Uses
      None
Comment: __heap_limit unused
4 symbols



ARM Macro Assembler    Page 1 Alphabetic symbol ordering
Relocatable symbols

RESET 00000000

Symbol: RESET
   Definitions
      At line 124 in file ..\BSP\vectors.s
   Uses
      None
Comment: RESET unused
__Vectors 00000000

Symbol: __Vectors
   Definitions
      At line 127 in file ..\BSP\vectors.s
   Uses
      At line 125 in file ..\BSP\vectors.s
Comment: __Vectors used once
2 symbols



ARM Macro Assembler    Page 1 Alphabetic symbol ordering
Relocatable symbols

.text 00000000

Symbol: .text
   Definitions
      At line 190 in file ..\BSP\vectors.s
   Uses
      None
Comment: .text unused
App_Fault_ISR 00000002

Symbol: App_Fault_ISR
   Definitions
      At line 197 in file ..\BSP\vectors.s
   Uses
      At line 197 in file ..\BSP\vectors.s
Comment: App_Fault_ISR used once
App_NMI_ISR 00000000

Symbol: App_NMI_ISR
   Definitions
      At line 195 in file ..\BSP\vectors.s
   Uses
      At line 195 in file ..\BSP\vectors.s
Comment: App_NMI_ISR used once
App_Spurious_ISR 00000004

Symbol: App_Spurious_ISR
   Definitions
      At line 199 in file ..\BSP\vectors.s
   Uses
      At line 199 in file ..\BSP\vectors.s
Comment: App_Spurious_ISR used once
Reset_Handler 00000006

Symbol: Reset_Handler
   Definitions
      At line 202 in file ..\BSP\vectors.s
   Uses
      At line 128 in file ..\BSP\vectors.s
      At line 203 in file ..\BSP\vectors.s

__user_initial_stackheap 0000000C

Symbol: __user_initial_stackheap
   Definitions
      At line 224 in file ..\BSP\vectors.s
   Uses
      At line 223 in file ..\BSP\vectors.s
Comment: __user_initial_stackheap used once
6 symbols



ARM Macro Assembler    Page 1 Alphabetic symbol ordering
Absolute symbols

Heap_Size 00000200

Symbol: Heap_Size
   Definitions
      At line 43 in file ..\BSP\vectors.s
   Uses
      At line 47 in file ..\BSP\vectors.s
      At line 228 in file ..\BSP\vectors.s

Stack_Size 00000200

Symbol: Stack_Size
   Definitions
      At line 32 in file ..\BSP\vectors.s
   Uses
      At line 35 in file ..\BSP\vectors.s
      At line 227 in file ..\BSP\vectors.s

2 symbols



ARM Macro Assembler    Page 1 Alphabetic symbol ordering
External symbols

ADC_IRQHandler 00000000

Symbol: ADC_IRQHandler
   Definitions
      At line 85 in file ..\BSP\vectors.s
   Uses
      At line 161 in file ..\BSP\vectors.s
Comment: ADC_IRQHandler used once
BusFaultException 00000000

Symbol: BusFaultException
   Definitions
      At line 63 in file ..\BSP\vectors.s
   Uses
      At line 132 in file ..\BSP\vectors.s
Comment: BusFaultException used once
CAN_RX1_IRQHandler 00000000

Symbol: CAN_RX1_IRQHandler
   Definitions
      At line 88 in file ..\BSP\vectors.s
   Uses
      At line 164 in file ..\BSP\vectors.s
Comment: CAN_RX1_IRQHandler used once
CAN_SCE_IRQHandler 00000000

Symbol: CAN_SCE_IRQHandler
   Definitions
      At line 89 in file ..\BSP\vectors.s
   Uses
      At line 165 in file ..\BSP\vectors.s
Comment: CAN_SCE_IRQHandler used once
DMAChannel1_IRQHandler 00000000

Symbol: DMAChannel1_IRQHandler
   Definitions
      At line 78 in file ..\BSP\vectors.s
   Uses
      At line 154 in file ..\BSP\vectors.s
Comment: DMAChannel1_IRQHandler used once
DMAChannel2_IRQHandler 00000000

Symbol: DMAChannel2_IRQHandler
   Definitions
      At line 79 in file ..\BSP\vectors.s
   Uses
      At line 155 in file ..\BSP\vectors.s
Comment: DMAChannel2_IRQHandler used once
DMAChannel3_IRQHandler 00000000

Symbol: DMAChannel3_IRQHandler
   Definitions
      At line 80 in file ..\BSP\vectors.s
   Uses
      At line 156 in file ..\BSP\vectors.s
Comment: DMAChannel3_IRQHandler used once
DMAChannel4_IRQHandler 00000000

Symbol: DMAChannel4_IRQHandler



ARM Macro Assembler    Page 2 Alphabetic symbol ordering
External symbols

   Definitions
      At line 81 in file ..\BSP\vectors.s
   Uses
      At line 157 in file ..\BSP\vectors.s
Comment: DMAChannel4_IRQHandler used once
DMAChannel5_IRQHandler 00000000

Symbol: DMAChannel5_IRQHandler
   Definitions
      At line 82 in file ..\BSP\vectors.s
   Uses
      At line 158 in file ..\BSP\vectors.s
Comment: DMAChannel5_IRQHandler used once
DMAChannel6_IRQHandler 00000000

Symbol: DMAChannel6_IRQHandler
   Definitions
      At line 83 in file ..\BSP\vectors.s
   Uses
      At line 159 in file ..\BSP\vectors.s
Comment: DMAChannel6_IRQHandler used once
DMAChannel7_IRQHandler 00000000

Symbol: DMAChannel7_IRQHandler
   Definitions
      At line 84 in file ..\BSP\vectors.s
   Uses
      At line 160 in file ..\BSP\vectors.s
Comment: DMAChannel7_IRQHandler used once
DebugMonitor 00000000

Symbol: DebugMonitor
   Definitions
      At line 66 in file ..\BSP\vectors.s
   Uses
      At line 139 in file ..\BSP\vectors.s
Comment: DebugMonitor used once
EXTI0_IRQHandler 00000000

Symbol: EXTI0_IRQHandler
   Definitions
      At line 73 in file ..\BSP\vectors.s
   Uses
      At line 149 in file ..\BSP\vectors.s
Comment: EXTI0_IRQHandler used once
EXTI15_10_IRQHandler 00000000

Symbol: EXTI15_10_IRQHandler
   Definitions
      At line 107 in file ..\BSP\vectors.s
   Uses
      At line 183 in file ..\BSP\vectors.s
Comment: EXTI15_10_IRQHandler used once
EXTI1_IRQHandler 00000000

Symbol: EXTI1_IRQHandler
   Definitions
      At line 74 in file ..\BSP\vectors.s
   Uses



ARM Macro Assembler    Page 3 Alphabetic symbol ordering
External symbols

      At line 150 in file ..\BSP\vectors.s
Comment: EXTI1_IRQHandler used once
EXTI2_IRQHandler 00000000

Symbol: EXTI2_IRQHandler
   Definitions
      At line 75 in file ..\BSP\vectors.s
   Uses
      At line 151 in file ..\BSP\vectors.s
Comment: EXTI2_IRQHandler used once
EXTI3_IRQHandler 00000000

Symbol: EXTI3_IRQHandler
   Definitions
      At line 76 in file ..\BSP\vectors.s
   Uses
      At line 152 in file ..\BSP\vectors.s
Comment: EXTI3_IRQHandler used once
EXTI4_IRQHandler 00000000

Symbol: EXTI4_IRQHandler
   Definitions
      At line 77 in file ..\BSP\vectors.s
   Uses
      At line 153 in file ..\BSP\vectors.s
Comment: EXTI4_IRQHandler used once
EXTI9_5_IRQHandler 00000000

Symbol: EXTI9_5_IRQHandler
   Definitions
      At line 90 in file ..\BSP\vectors.s
   Uses
      At line 166 in file ..\BSP\vectors.s
Comment: EXTI9_5_IRQHandler used once
FLASH_IRQHandler 00000000

Symbol: FLASH_IRQHandler
   Definitions
      At line 71 in file ..\BSP\vectors.s
   Uses
      At line 147 in file ..\BSP\vectors.s
Comment: FLASH_IRQHandler used once
HardFaultException 00000000

Symbol: HardFaultException
   Definitions
      At line 61 in file ..\BSP\vectors.s
   Uses
      At line 130 in file ..\BSP\vectors.s
Comment: HardFaultException used once
I2C1_ER_IRQHandler 00000000

Symbol: I2C1_ER_IRQHandler
   Definitions
      At line 99 in file ..\BSP\vectors.s
   Uses
      At line 175 in file ..\BSP\vectors.s
Comment: I2C1_ER_IRQHandler used once
I2C1_EV_IRQHandler 00000000



ARM Macro Assembler    Page 4 Alphabetic symbol ordering
External symbols


Symbol: I2C1_EV_IRQHandler
   Definitions
      At line 98 in file ..\BSP\vectors.s
   Uses
      At line 174 in file ..\BSP\vectors.s
Comment: I2C1_EV_IRQHandler used once
I2C2_ER_IRQHandler 00000000

Symbol: I2C2_ER_IRQHandler
   Definitions
      At line 101 in file ..\BSP\vectors.s
   Uses
      At line 177 in file ..\BSP\vectors.s
Comment: I2C2_ER_IRQHandler used once
I2C2_EV_IRQHandler 00000000

Symbol: I2C2_EV_IRQHandler
   Definitions
      At line 100 in file ..\BSP\vectors.s
   Uses
      At line 176 in file ..\BSP\vectors.s
Comment: I2C2_EV_IRQHandler used once
MemManageException 00000000

Symbol: MemManageException
   Definitions
      At line 62 in file ..\BSP\vectors.s
   Uses
      At line 131 in file ..\BSP\vectors.s
Comment: MemManageException used once
NMIException 00000000

Symbol: NMIException
   Definitions
      At line 60 in file ..\BSP\vectors.s
   Uses
      At line 129 in file ..\BSP\vectors.s
Comment: NMIException used once
OSPendSV 00000000

Symbol: OSPendSV
   Definitions
      At line 59 in file ..\BSP\vectors.s
   Uses
      At line 141 in file ..\BSP\vectors.s
Comment: OSPendSV used once
PVD_IRQHandler 00000000

Symbol: PVD_IRQHandler
   Definitions
      At line 69 in file ..\BSP\vectors.s
   Uses
      At line 144 in file ..\BSP\vectors.s
Comment: PVD_IRQHandler used once
RCC_IRQHandler 00000000

Symbol: RCC_IRQHandler
   Definitions



ARM Macro Assembler    Page 5 Alphabetic symbol ordering
External symbols

      At line 72 in file ..\BSP\vectors.s
   Uses
      At line 148 in file ..\BSP\vectors.s
Comment: RCC_IRQHandler used once
RTCAlarm_IRQHandler 00000000

Symbol: RTCAlarm_IRQHandler
   Definitions
      At line 108 in file ..\BSP\vectors.s
   Uses
      At line 184 in file ..\BSP\vectors.s
Comment: RTCAlarm_IRQHandler used once
SPI1_IRQHandler 00000000

Symbol: SPI1_IRQHandler
   Definitions
      At line 102 in file ..\BSP\vectors.s
   Uses
      At line 178 in file ..\BSP\vectors.s
Comment: SPI1_IRQHandler used once
SPI2_IRQHandler 00000000

Symbol: SPI2_IRQHandler
   Definitions
      At line 103 in file ..\BSP\vectors.s
   Uses
      At line 179 in file ..\BSP\vectors.s
Comment: SPI2_IRQHandler used once
SVCHandler 00000000

Symbol: SVCHandler
   Definitions
      At line 65 in file ..\BSP\vectors.s
   Uses
      At line 138 in file ..\BSP\vectors.s
Comment: SVCHandler used once
SysTickHandler 00000000

Symbol: SysTickHandler
   Definitions
      At line 67 in file ..\BSP\vectors.s
   Uses
      None
Comment: SysTickHandler unused
TAMPER_IRQHandler 00000000

Symbol: TAMPER_IRQHandler
   Definitions
      At line 70 in file ..\BSP\vectors.s
   Uses
      At line 145 in file ..\BSP\vectors.s
Comment: TAMPER_IRQHandler used once
TIM1_BRK_IRQHandler 00000000

Symbol: TIM1_BRK_IRQHandler
   Definitions
      At line 91 in file ..\BSP\vectors.s
   Uses
      At line 167 in file ..\BSP\vectors.s



ARM Macro Assembler    Page 6 Alphabetic symbol ordering
External symbols

Comment: TIM1_BRK_IRQHandler used once
TIM1_CC_IRQHandler 00000000

Symbol: TIM1_CC_IRQHandler
   Definitions
      At line 94 in file ..\BSP\vectors.s
   Uses
      None
Comment: TIM1_CC_IRQHandler unused
TIM1_TRG_COM_IRQHandler 00000000

Symbol: TIM1_TRG_COM_IRQHandler
   Definitions
      At line 93 in file ..\BSP\vectors.s
   Uses
      At line 169 in file ..\BSP\vectors.s
Comment: TIM1_TRG_COM_IRQHandler used once
TIM1_UP_IRQHandler 00000000

Symbol: TIM1_UP_IRQHandler
   Definitions
      At line 92 in file ..\BSP\vectors.s
   Uses
      At line 168 in file ..\BSP\vectors.s
Comment: TIM1_UP_IRQHandler used once
TIM2_IRQHandler 00000000

Symbol: TIM2_IRQHandler
   Definitions
      At line 95 in file ..\BSP\vectors.s
   Uses
      At line 171 in file ..\BSP\vectors.s
Comment: TIM2_IRQHandler used once
TIM3_IRQHandler 00000000

Symbol: TIM3_IRQHandler
   Definitions
      At line 96 in file ..\BSP\vectors.s
   Uses
      At line 172 in file ..\BSP\vectors.s
Comment: TIM3_IRQHandler used once
TIM4_IRQHandler 00000000

Symbol: TIM4_IRQHandler
   Definitions
      At line 97 in file ..\BSP\vectors.s
   Uses
      At line 173 in file ..\BSP\vectors.s
Comment: TIM4_IRQHandler used once
Tmr_TickISR_Handler 00000000

Symbol: Tmr_TickISR_Handler
   Definitions
      At line 58 in file ..\BSP\vectors.s
   Uses
      At line 142 in file ..\BSP\vectors.s
Comment: Tmr_TickISR_Handler used once
USART1_IRQHandler 00000000




ARM Macro Assembler    Page 7 Alphabetic symbol ordering
External symbols

Symbol: USART1_IRQHandler
   Definitions
      At line 104 in file ..\BSP\vectors.s
   Uses
      At line 180 in file ..\BSP\vectors.s
Comment: USART1_IRQHandler used once
USART2_IRQHandler 00000000

Symbol: USART2_IRQHandler
   Definitions
      At line 105 in file ..\BSP\vectors.s
   Uses
      At line 181 in file ..\BSP\vectors.s
Comment: USART2_IRQHandler used once
USART3_IRQHandler 00000000

Symbol: USART3_IRQHandler
   Definitions
      At line 106 in file ..\BSP\vectors.s
   Uses
      At line 182 in file ..\BSP\vectors.s
Comment: USART3_IRQHandler used once
USBWakeUp_IRQHandler 00000000

Symbol: USBWakeUp_IRQHandler
   Definitions
      At line 109 in file ..\BSP\vectors.s
   Uses
      At line 185 in file ..\BSP\vectors.s
Comment: USBWakeUp_IRQHandler used once
USB_HP_CAN_TX_IRQHandler 00000000

Symbol: USB_HP_CAN_TX_IRQHandler
   Definitions
      At line 86 in file ..\BSP\vectors.s
   Uses
      At line 162 in file ..\BSP\vectors.s
Comment: USB_HP_CAN_TX_IRQHandler used once
USB_LP_CAN_RX0_IRQHandler 00000000

Symbol: USB_LP_CAN_RX0_IRQHandler
   Definitions
      At line 87 in file ..\BSP\vectors.s
   Uses
      At line 163 in file ..\BSP\vectors.s
Comment: USB_LP_CAN_RX0_IRQHandler used once
UsageFaultException 00000000

Symbol: UsageFaultException
   Definitions
      At line 64 in file ..\BSP\vectors.s
   Uses
      At line 133 in file ..\BSP\vectors.s
Comment: UsageFaultException used once
WWDG_IRQHandler 00000000

Symbol: WWDG_IRQHandler
   Definitions
      At line 68 in file ..\BSP\vectors.s



ARM Macro Assembler    Page 8 Alphabetic symbol ordering
External symbols

   Uses
      At line 143 in file ..\BSP\vectors.s
Comment: WWDG_IRQHandler used once
__main 00000000

Symbol: __main
   Definitions
      At line 204 in file ..\BSP\vectors.s
   Uses
      At line 205 in file ..\BSP\vectors.s
Comment: __main used once
__use_two_region_memory 00000000

Symbol: __use_two_region_memory
   Definitions
      At line 222 in file ..\BSP\vectors.s
   Uses
      None
Comment: __use_two_region_memory unused
54 symbols
408 symbols in table
